nohup: ignoring input
]0;IPython: an/all_model_newload in 28.568010091781616 sec
(1100, 1537, 3174) (1100, 1537, 3174)
1.0 0.0 True False
276
use model HED
----------------------------------------------------------------
        Layer (type)               Output Shape         Param #
================================================================
            Conv2d-1           [-1, 32, 96, 96]             320
              ReLU-2           [-1, 32, 96, 96]               0
           Dropout-3           [-1, 32, 96, 96]               0
            Conv2d-4           [-1, 32, 96, 96]           9,248
              ReLU-5           [-1, 32, 96, 96]               0
           Dropout-6           [-1, 32, 96, 96]               0
         MaxPool2d-7           [-1, 32, 48, 48]               0
            Conv2d-8           [-1, 64, 48, 48]          18,496
              ReLU-9           [-1, 64, 48, 48]               0
          Dropout-10           [-1, 64, 48, 48]               0
           Conv2d-11           [-1, 64, 48, 48]          36,928
             ReLU-12           [-1, 64, 48, 48]               0
          Dropout-13           [-1, 64, 48, 48]               0
        MaxPool2d-14           [-1, 64, 24, 24]               0
           Conv2d-15          [-1, 128, 24, 24]          73,856
             ReLU-16          [-1, 128, 24, 24]               0
          Dropout-17          [-1, 128, 24, 24]               0
           Conv2d-18          [-1, 128, 24, 24]         147,584
             ReLU-19          [-1, 128, 24, 24]               0
          Dropout-20          [-1, 128, 24, 24]               0
           Conv2d-21          [-1, 128, 24, 24]         147,584
             ReLU-22          [-1, 128, 24, 24]               0
          Dropout-23          [-1, 128, 24, 24]               0
        MaxPool2d-24          [-1, 128, 12, 12]               0
           Conv2d-25          [-1, 256, 12, 12]         295,168
             ReLU-26          [-1, 256, 12, 12]               0
          Dropout-27          [-1, 256, 12, 12]               0
           Conv2d-28          [-1, 256, 12, 12]         590,080
             ReLU-29          [-1, 256, 12, 12]               0
          Dropout-30          [-1, 256, 12, 12]               0
           Conv2d-31          [-1, 256, 12, 12]         590,080
             ReLU-32          [-1, 256, 12, 12]               0
          Dropout-33          [-1, 256, 12, 12]               0
        MaxPool2d-34          [-1, 256, 11, 11]               0
           Conv2d-35          [-1, 256, 11, 11]         590,080
             ReLU-36          [-1, 256, 11, 11]               0
          Dropout-37          [-1, 256, 11, 11]               0
           Conv2d-38          [-1, 256, 11, 11]         590,080
             ReLU-39          [-1, 256, 11, 11]               0
          Dropout-40          [-1, 256, 11, 11]               0
           Conv2d-41          [-1, 256, 11, 11]         590,080
             ReLU-42          [-1, 256, 11, 11]               0
          Dropout-43          [-1, 256, 11, 11]               0
           Conv2d-44           [-1, 21, 96, 96]             693
          Dropout-45           [-1, 21, 96, 96]               0
           Conv2d-46           [-1, 21, 48, 48]           1,365
          Dropout-47           [-1, 21, 48, 48]               0
           Conv2d-48           [-1, 21, 24, 24]           2,709
          Dropout-49           [-1, 21, 24, 24]               0
           Conv2d-50           [-1, 21, 12, 12]           5,397
          Dropout-51           [-1, 21, 12, 12]               0
           Conv2d-52           [-1, 21, 11, 11]           5,397
          Dropout-53           [-1, 21, 11, 11]               0
           Conv2d-54            [-1, 1, 96, 96]              22
           Conv2d-55            [-1, 1, 48, 48]              22
           Conv2d-56            [-1, 1, 24, 24]              22
           Conv2d-57            [-1, 1, 12, 12]              22
           Conv2d-58            [-1, 1, 11, 11]              22
           Conv2d-59            [-1, 1, 96, 96]               6
================================================================
Total params: 3,695,261
Trainable params: 3,695,261
Non-trainable params: 0
----------------------------------------------------------------
Input size (MB): 0.04
Forward/backward pass size (MB): 35.32
Params size (MB): 14.10
Estimated Total Size (MB): 49.45
----------------------------------------------------------------
horizontal_splits_number 66
width_after_pad 3216
left_pad,right_pad 21 21
vertical_splits_number 32
height_after_pad 1584
top_pad,bottom_pad 23 24
181029
181029
(96, 96)
read images in 214.838782787323 sec
(181029, 96, 96)
(181029, 96, 96)
read images in 12.744226932525635 sec
(181029, 96, 96, 1)
(181029, 96, 96, 1)
64317
64317
(96, 96)
read images in 24.970299005508423 sec
(64317, 96, 96)
(64317, 96, 96)
read images in 5.374821186065674 sec
(64317, 96, 96, 1)
(64317, 96, 96, 1)
X_train (181029, 96, 96, 1)
X_val (64317, 96, 96, 1)
Y_train (181029, 96, 96, 1)
Y_val (64317, 96, 96, 1)
181029
read images in 144.84093523025513 sec
X_train after aug (362058, 96, 96, 1)
Y_train after aug (362058, 96, 96, 1)
read images in 165.37205386161804 sec
X_train (362058, 1, 96, 96)
X_val (64317, 1, 96, 96)
Y_train (362058, 1, 96, 96)
Y_val (64317, 1, 96, 96)
optimizer = torch.optim.SGD(model.parameters(), lr=1e-6, momentum=0.9, weight_decay=0.0002)
Validation loss decreased (inf --> 346043.187500).  Saving model ...
Epoch: 1. Train Loss: 367774.40625. Val Loss: 346043.1875. Train IoU: 0.09522925317287445. Val IoU: 0.09170322865247726. Time: 1819.118863105774. LR: 1e-06
Validation loss decreased (346043.187500 --> 333602.031250).  Saving model ...
Epoch: 2. Train Loss: 280053.875. Val Loss: 333602.03125. Train IoU: 0.07930447906255722. Val IoU: 0.11038374155759811. Time: 1710.7985970973969. LR: 1e-06
EarlyStopping counter: 1 out of 20
Epoch: 3. Train Loss: 264905.0. Val Loss: 336433.1875. Train IoU: 0.21927759051322937. Val IoU: 0.23114967346191406. Time: 1676.2459831237793. LR: 1e-06
EarlyStopping counter: 2 out of 20
Epoch: 4. Train Loss: 257095.890625. Val Loss: 343060.21875. Train IoU: 0.35026124119758606. Val IoU: 0.3204810321331024. Time: 1022.9563477039337. LR: 1e-06
Validation loss decreased (333602.031250 --> 327776.718750).  Saving model ...
Epoch: 5. Train Loss: 252559.703125. Val Loss: 327776.71875. Train IoU: 0.4005044102668762. Val IoU: 0.30927810072898865. Time: 1041.0498838424683. LR: 1e-06
Validation loss decreased (327776.718750 --> 327054.343750).  Saving model ...
Epoch: 6. Train Loss: 249630.34375. Val Loss: 327054.34375. Train IoU: 0.42783671617507935. Val IoU: 0.310653418302536. Time: 1037.5684700012207. LR: 1e-06
EarlyStopping counter: 1 out of 20
Epoch: 7. Train Loss: 247517.34375. Val Loss: 358572.34375. Train IoU: 0.44633713364601135. Val IoU: 0.3419281840324402. Time: 1602.7057497501373. LR: 1e-06
EarlyStopping counter: 2 out of 20
Epoch: 8. Train Loss: 245604.984375. Val Loss: 330331.21875. Train IoU: 0.4602343440055847. Val IoU: 0.3256303369998932. Time: 1641.1896619796753. LR: 1e-06
EarlyStopping counter: 3 out of 20
Epoch: 9. Train Loss: 244277.953125. Val Loss: 333844.28125. Train IoU: 0.47079184651374817. Val IoU: 0.33871522545814514. Time: 1623.815102338791. LR: 1e-06
EarlyStopping counter: 4 out of 20
Epoch: 10. Train Loss: 243523.796875. Val Loss: 340358.40625. Train IoU: 0.47849470376968384. Val IoU: 0.3332555294036865. Time: 1611.7703166007996. LR: 1e-06
EarlyStopping counter: 5 out of 20
Epoch: 11. Train Loss: 242987.34375. Val Loss: 340533.125. Train IoU: 0.4850682318210602. Val IoU: 0.3116008937358856. Time: 1623.1334924697876. LR: 1e-06
Validation loss decreased (327054.343750 --> 313649.687500).  Saving model ...
Epoch: 12. Train Loss: 242224.453125. Val Loss: 313649.6875. Train IoU: 0.4910450577735901. Val IoU: 0.3446621894836426. Time: 1148.8693645000458. LR: 1e-06
EarlyStopping counter: 1 out of 20
Epoch: 13. Train Loss: 325907.9375. Val Loss: 5047592.0. Train IoU: 0.48804807662963867. Val IoU: 0.11285227537155151. Time: 1025.2659842967987. LR: 1e-06
EarlyStopping counter: 2 out of 20
Epoch: 14. Train Loss: 4840741.5. Val Loss: 5047580.0. Train IoU: 0.1073833629488945. Val IoU: 0.11285227537155151. Time: 941.116464138031. LR: 1e-06
EarlyStopping counter: 3 out of 20
Epoch: 15. Train Loss: 4840792.0. Val Loss: 5047580.0. Train IoU: 0.10738275945186615. Val IoU: 0.11285227537155151. Time: 924.9248933792114. LR: 1e-06
EarlyStopping counter: 4 out of 20
Epoch: 16. Train Loss: 4840846.0. Val Loss: 5047581.0. Train IoU: 0.10738107562065125. Val IoU: 0.11285227537155151. Time: 921.6379220485687. LR: 1e-06
EarlyStopping counter: 5 out of 20
Epoch: 17. Train Loss: 4840781.5. Val Loss: 5047578.0. Train IoU: 0.10738503932952881. Val IoU: 0.11285227537155151. Time: 924.0912442207336. LR: 1e-06
Epoch    17: reducing learning rate of group 0 to 1.0000e-07.
EarlyStopping counter: 6 out of 20
Epoch: 18. Train Loss: 4840795.0. Val Loss: 5047577.0. Train IoU: 0.10738135874271393. Val IoU: 0.11285227537155151. Time: 922.2699792385101. LR: 1e-07
EarlyStopping counter: 7 out of 20
Epoch: 19. Train Loss: 4840780.5. Val Loss: 5047577.0. Train IoU: 0.10738347470760345. Val IoU: 0.11285227537155151. Time: 921.839878320694. LR: 1e-07
EarlyStopping counter: 8 out of 20
Epoch: 20. Train Loss: 4840655.5. Val Loss: 5047577.0. Train IoU: 0.1073828712105751. Val IoU: 0.11285227537155151. Time: 920.7770380973816. LR: 1e-07
EarlyStopping counter: 9 out of 20
Epoch: 21. Train Loss: 4840661.0. Val Loss: 5047577.0. Train IoU: 0.10738280415534973. Val IoU: 0.11285227537155151. Time: 922.2844297885895. LR: 1e-07
EarlyStopping counter: 10 out of 20
Epoch: 22. Train Loss: 4840648.0. Val Loss: 5047577.0. Train IoU: 0.1073843315243721. Val IoU: 0.11285227537155151. Time: 921.8575794696808. LR: 1e-07
EarlyStopping counter: 11 out of 20
Epoch: 23. Train Loss: 4840652.0. Val Loss: 5047577.0. Train IoU: 0.10738502442836761. Val IoU: 0.11285227537155151. Time: 920.6445021629333. LR: 1e-07
Epoch    23: reducing learning rate of group 0 to 1.0000e-08.
EarlyStopping counter: 12 out of 20
Epoch: 24. Train Loss: 4845305.0. Val Loss: 5047577.0. Train IoU: 0.10738302022218704. Val IoU: 0.11285227537155151. Time: 920.5510005950928. LR: 1e-08
EarlyStopping counter: 13 out of 20
Epoch: 25. Train Loss: 4840639.5. Val Loss: 5047577.0. Train IoU: 0.10737952589988708. Val IoU: 0.11285227537155151. Time: 922.3803110122681. LR: 1e-08
EarlyStopping counter: 14 out of 20
Epoch: 26. Train Loss: 4840582.5. Val Loss: 5047577.0. Train IoU: 0.1073836237192154. Val IoU: 0.11285227537155151. Time: 921.2195203304291. LR: 1e-08
EarlyStopping counter: 15 out of 20
Epoch: 27. Train Loss: 4840576.0. Val Loss: 5047577.0. Train IoU: 0.10738791525363922. Val IoU: 0.11285227537155151. Time: 919.4194951057434. LR: 1e-08
EarlyStopping counter: 16 out of 20
Epoch: 28. Train Loss: 4840586.5. Val Loss: 5047577.0. Train IoU: 0.10738454014062881. Val IoU: 0.11285227537155151. Time: 921.2318878173828. LR: 1e-08
EarlyStopping counter: 17 out of 20
Epoch: 29. Train Loss: 4840607.5. Val Loss: 5047577.0. Train IoU: 0.10738172382116318. Val IoU: 0.11285227537155151. Time: 921.0038080215454. LR: 1e-08
EarlyStopping counter: 18 out of 20
Epoch: 30. Train Loss: 4840579.5. Val Loss: 5047577.0. Train IoU: 0.1073806956410408. Val IoU: 0.11285227537155151. Time: 923.3499281406403. LR: 1e-08
EarlyStopping counter: 19 out of 20
Epoch: 31. Train Loss: 4840602.5. Val Loss: 5047577.0. Train IoU: 0.1073879823088646. Val IoU: 0.11285227537155151. Time: 919.5030474662781. LR: 1e-08
EarlyStopping counter: 20 out of 20
Early stopping
total cost 10.163906513982349 hours
/home/anyu/anaconda3/lib/python3.6/site-packages/IPython/core/interactiveshell.py:763: UserWarning: Attempting to work in a virtualenv. If you encounter problems, please install IPython inside the virtualenv.
  warn("Attempting to work in a virtualenv. If you encounter problems, please "
