nohup: ignoring input
]0;IPython: an/all_model_newload in 198.30023050308228 sec
(1100, 1537, 3174) (1100, 1537, 3174)
1.0 0.0 True False
276
use model HED
----------------------------------------------------------------
        Layer (type)               Output Shape         Param #
================================================================
            Conv2d-1           [-1, 32, 96, 96]             320
              ReLU-2           [-1, 32, 96, 96]               0
           Dropout-3           [-1, 32, 96, 96]               0
            Conv2d-4           [-1, 32, 96, 96]           9,248
              ReLU-5           [-1, 32, 96, 96]               0
           Dropout-6           [-1, 32, 96, 96]               0
         MaxPool2d-7           [-1, 32, 48, 48]               0
            Conv2d-8           [-1, 64, 48, 48]          18,496
              ReLU-9           [-1, 64, 48, 48]               0
          Dropout-10           [-1, 64, 48, 48]               0
           Conv2d-11           [-1, 64, 48, 48]          36,928
             ReLU-12           [-1, 64, 48, 48]               0
          Dropout-13           [-1, 64, 48, 48]               0
        MaxPool2d-14           [-1, 64, 24, 24]               0
           Conv2d-15          [-1, 128, 24, 24]          73,856
             ReLU-16          [-1, 128, 24, 24]               0
          Dropout-17          [-1, 128, 24, 24]               0
           Conv2d-18          [-1, 128, 24, 24]         147,584
             ReLU-19          [-1, 128, 24, 24]               0
          Dropout-20          [-1, 128, 24, 24]               0
           Conv2d-21          [-1, 128, 24, 24]         147,584
             ReLU-22          [-1, 128, 24, 24]               0
          Dropout-23          [-1, 128, 24, 24]               0
        MaxPool2d-24          [-1, 128, 12, 12]               0
           Conv2d-25          [-1, 256, 12, 12]         295,168
             ReLU-26          [-1, 256, 12, 12]               0
          Dropout-27          [-1, 256, 12, 12]               0
           Conv2d-28          [-1, 256, 12, 12]         590,080
             ReLU-29          [-1, 256, 12, 12]               0
          Dropout-30          [-1, 256, 12, 12]               0
           Conv2d-31          [-1, 256, 12, 12]         590,080
             ReLU-32          [-1, 256, 12, 12]               0
          Dropout-33          [-1, 256, 12, 12]               0
        MaxPool2d-34          [-1, 256, 11, 11]               0
           Conv2d-35          [-1, 256, 11, 11]         590,080
             ReLU-36          [-1, 256, 11, 11]               0
          Dropout-37          [-1, 256, 11, 11]               0
           Conv2d-38          [-1, 256, 11, 11]         590,080
             ReLU-39          [-1, 256, 11, 11]               0
          Dropout-40          [-1, 256, 11, 11]               0
           Conv2d-41          [-1, 256, 11, 11]         590,080
             ReLU-42          [-1, 256, 11, 11]               0
          Dropout-43          [-1, 256, 11, 11]               0
           Conv2d-44           [-1, 21, 96, 96]             693
          Dropout-45           [-1, 21, 96, 96]               0
           Conv2d-46           [-1, 21, 48, 48]           1,365
          Dropout-47           [-1, 21, 48, 48]               0
           Conv2d-48           [-1, 21, 24, 24]           2,709
          Dropout-49           [-1, 21, 24, 24]               0
           Conv2d-50           [-1, 21, 12, 12]           5,397
          Dropout-51           [-1, 21, 12, 12]               0
           Conv2d-52           [-1, 21, 11, 11]           5,397
          Dropout-53           [-1, 21, 11, 11]               0
           Conv2d-54            [-1, 1, 96, 96]              22
           Conv2d-55            [-1, 1, 48, 48]              22
           Conv2d-56            [-1, 1, 24, 24]              22
           Conv2d-57            [-1, 1, 12, 12]              22
           Conv2d-58            [-1, 1, 11, 11]              22
           Conv2d-59            [-1, 1, 96, 96]               6
================================================================
Total params: 3,695,261
Trainable params: 3,695,261
Non-trainable params: 0
----------------------------------------------------------------
Input size (MB): 0.04
Forward/backward pass size (MB): 35.32
Params size (MB): 14.10
Estimated Total Size (MB): 49.45
----------------------------------------------------------------
horizontal_splits_number 66
width_after_pad 3216
left_pad,right_pad 21 21
vertical_splits_number 32
height_after_pad 1584
top_pad,bottom_pad 23 24
181029
181029
(96, 96)
read images in 211.48932886123657 sec
(181029, 96, 96)
(181029, 96, 96)
read images in 11.844442367553711 sec
(181029, 96, 96, 1)
(181029, 96, 96, 1)
64317
64317
(96, 96)
read images in 23.694581747055054 sec
(64317, 96, 96)
(64317, 96, 96)
read images in 4.2693030834198 sec
(64317, 96, 96, 1)
(64317, 96, 96, 1)
X_train (181029, 96, 96, 1)
X_val (64317, 96, 96, 1)
Y_train (181029, 96, 96, 1)
Y_val (64317, 96, 96, 1)
181029
read images in 69.0171582698822 sec
X_train after aug (362058, 96, 96, 1)
Y_train after aug (362058, 96, 96, 1)
read images in 90.78762626647949 sec
X_train (362058, 1, 96, 96)
X_val (64317, 1, 96, 96)
Y_train (362058, 1, 96, 96)
Y_val (64317, 1, 96, 96)
optimizer = torch.optim.SGD(model.parameters(), lr=1e-6, momentum=0.9, weight_decay=0.0002)
Validation loss decreased (inf --> 340275.437500).  Saving model ...
Epoch: 1. Train Loss: 377084.03125. Val Loss: 340275.4375. Train IoU: 0.10003598779439926. Val IoU: 0.08737862855195999. Time: 1888.851063966751. LR: 1e-06
Validation loss decreased (340275.437500 --> 326398.031250).  Saving model ...
Epoch: 2. Train Loss: 307642.8125. Val Loss: 326398.03125. Train IoU: 0.07779604941606522. Val IoU: 0.10722154378890991. Time: 1777.9318959712982. LR: 1e-06
EarlyStopping counter: 1 out of 20
Epoch: 3. Train Loss: 295946.09375. Val Loss: 326539.28125. Train IoU: 0.11425237357616425. Val IoU: 0.14446072280406952. Time: 1735.072860956192. LR: 1e-06
EarlyStopping counter: 2 out of 20
Epoch: 4. Train Loss: 290218.0. Val Loss: 327929.21875. Train IoU: 0.20670780539512634. Val IoU: 0.25700992345809937. Time: 1842.9450452327728. LR: 1e-06
Validation loss decreased (326398.031250 --> 322883.062500).  Saving model ...
Epoch: 5. Train Loss: 286968.625. Val Loss: 322883.0625. Train IoU: 0.27591076493263245. Val IoU: 0.28142818808555603. Time: 1735.9127888679504. LR: 1e-06
EarlyStopping counter: 1 out of 20
Epoch: 6. Train Loss: 284755.5. Val Loss: 325230.0. Train IoU: 0.31120193004608154. Val IoU: 0.2690255045890808. Time: 1789.2887864112854. LR: 1e-06
EarlyStopping counter: 2 out of 20
Epoch: 7. Train Loss: 283450.21875. Val Loss: 323006.625. Train IoU: 0.3312005400657654. Val IoU: 0.35036206245422363. Time: 1741.233458995819. LR: 1e-06
Validation loss decreased (322883.062500 --> 319989.968750).  Saving model ...
Epoch: 8. Train Loss: 282486.4375. Val Loss: 319989.96875. Train IoU: 0.3449627757072449. Val IoU: 0.28647032380104065. Time: 1960.31796336174. LR: 1e-06
EarlyStopping counter: 1 out of 20
Epoch: 9. Train Loss: 281810.125. Val Loss: 325489.375. Train IoU: 0.35473188757896423. Val IoU: 0.3139060139656067. Time: 2057.498613357544. LR: 1e-06
Validation loss decreased (319989.968750 --> 319368.750000).  Saving model ...
Epoch: 10. Train Loss: 281368.0625. Val Loss: 319368.75. Train IoU: 0.36220255494117737. Val IoU: 0.3319707214832306. Time: 2069.9465844631195. LR: 1e-06
EarlyStopping counter: 1 out of 20
Epoch: 11. Train Loss: 280780.875. Val Loss: 338177.1875. Train IoU: 0.36844465136528015. Val IoU: 0.32126709818840027. Time: 1483.0736656188965. LR: 1e-06
EarlyStopping counter: 2 out of 20
Epoch: 12. Train Loss: 281074.15625. Val Loss: 333749.15625. Train IoU: 0.3724149465560913. Val IoU: 0.3145016133785248. Time: 1637.8121769428253. LR: 1e-06
EarlyStopping counter: 3 out of 20
Epoch: 13. Train Loss: 280559.46875. Val Loss: 331349.96875. Train IoU: 0.3771875202655792. Val IoU: 0.36077892780303955. Time: 2100.3149964809418. LR: 1e-06
Validation loss decreased (319368.750000 --> 313538.625000).  Saving model ...
Epoch: 14. Train Loss: 280674.53125. Val Loss: 313538.625. Train IoU: 0.3800099194049835. Val IoU: 0.35327479243278503. Time: 1893.6599299907684. LR: 1e-06
EarlyStopping counter: 1 out of 20
Epoch: 15. Train Loss: 279948.15625. Val Loss: 315603.40625. Train IoU: 0.3845056891441345. Val IoU: 0.36920082569122314. Time: 1306.0713350772858. LR: 1e-06
EarlyStopping counter: 2 out of 20
Epoch: 16. Train Loss: 279427.8125. Val Loss: 320893.625. Train IoU: 0.38780128955841064. Val IoU: 0.36930030584335327. Time: 1281.2505812644958. LR: 1e-06
EarlyStopping counter: 3 out of 20
Epoch: 17. Train Loss: 279595.375. Val Loss: 322017.0. Train IoU: 0.3895999789237976. Val IoU: 0.3645804822444916. Time: 1270.1070835590363. LR: 1e-06
EarlyStopping counter: 4 out of 20
Epoch: 18. Train Loss: 280812.09375. Val Loss: 329862.5. Train IoU: 0.3887939453125. Val IoU: 0.36215171217918396. Time: 1259.0734786987305. LR: 1e-06
EarlyStopping counter: 5 out of 20
Epoch: 19. Train Loss: 280467.375. Val Loss: 319353.46875. Train IoU: 0.39147958159446716. Val IoU: 0.37760716676712036. Time: 1271.87100481987. LR: 1e-06
Epoch    19: reducing learning rate of group 0 to 1.0000e-07.
EarlyStopping counter: 6 out of 20
Epoch: 20. Train Loss: 280196.78125. Val Loss: 323598.4375. Train IoU: 0.393928200006485. Val IoU: 0.3418847620487213. Time: 1270.1250541210175. LR: 1e-07
Validation loss decreased (313538.625000 --> 308852.093750).  Saving model ...
Epoch: 21. Train Loss: 268594.125. Val Loss: 308852.09375. Train IoU: 0.42301177978515625. Val IoU: 0.3838465213775635. Time: 1247.2364151477814. LR: 1e-07
EarlyStopping counter: 1 out of 20
Epoch: 22. Train Loss: 265881.78125. Val Loss: 310662.5625. Train IoU: 0.43169185519218445. Val IoU: 0.37628373503685. Time: 1010.2573297023773. LR: 1e-07
EarlyStopping counter: 2 out of 20
Epoch: 23. Train Loss: 264655.96875. Val Loss: 309022.65625. Train IoU: 0.4356696903705597. Val IoU: 0.3745640814304352. Time: 1078.302963256836. LR: 1e-07
EarlyStopping counter: 3 out of 20
Epoch: 24. Train Loss: 263854.84375. Val Loss: 311246.09375. Train IoU: 0.4383752942085266. Val IoU: 0.3615419268608093. Time: 1639.2245452404022. LR: 1e-07
EarlyStopping counter: 4 out of 20
Epoch: 25. Train Loss: 263180.4375. Val Loss: 311424.09375. Train IoU: 0.4408278167247772. Val IoU: 0.3534074127674103. Time: 1483.9597778320312. LR: 1e-07
EarlyStopping counter: 5 out of 20
Epoch: 26. Train Loss: 262707.40625. Val Loss: 309835.4375. Train IoU: 0.44252046942710876. Val IoU: 0.36452966928482056. Time: 1468.6060774326324. LR: 1e-07
Epoch    26: reducing learning rate of group 0 to 1.0000e-08.
EarlyStopping counter: 6 out of 20
Epoch: 27. Train Loss: 262213.4375. Val Loss: 310794.40625. Train IoU: 0.44440287351608276. Val IoU: 0.37963253259658813. Time: 1616.697515487671. LR: 1e-08
EarlyStopping counter: 7 out of 20
Epoch: 28. Train Loss: 261013.359375. Val Loss: 310551.875. Train IoU: 0.44732794165611267. Val IoU: 0.37338539958000183. Time: 1307.1731083393097. LR: 1e-08
EarlyStopping counter: 8 out of 20
Epoch: 29. Train Loss: 260830.34375. Val Loss: 312099.28125. Train IoU: 0.44781652092933655. Val IoU: 0.37830817699432373. Time: 1044.362182378769. LR: 1e-08
EarlyStopping counter: 9 out of 20
Epoch: 30. Train Loss: 260765.296875. Val Loss: 309199.15625. Train IoU: 0.44827067852020264. Val IoU: 0.3773457407951355. Time: 994.978590965271. LR: 1e-08
EarlyStopping counter: 10 out of 20
Epoch: 31. Train Loss: 260693.0625. Val Loss: 309779.375. Train IoU: 0.4484795033931732. Val IoU: 0.3725937604904175. Time: 985.8782196044922. LR: 1e-08
EarlyStopping counter: 11 out of 20
Epoch: 32. Train Loss: 260603.390625. Val Loss: 310358.21875. Train IoU: 0.448837012052536. Val IoU: 0.3696931004524231. Time: 984.3517422676086. LR: 1e-08
EarlyStopping counter: 12 out of 20
Epoch: 33. Train Loss: 260575.453125. Val Loss: 310829.84375. Train IoU: 0.44895002245903015. Val IoU: 0.3785032629966736. Time: 979.5013546943665. LR: 1e-08
EarlyStopping counter: 13 out of 20
Epoch: 34. Train Loss: 260466.375. Val Loss: 309225.96875. Train IoU: 0.449409544467926. Val IoU: 0.3769015073776245. Time: 969.774600982666. LR: 1e-08
EarlyStopping counter: 14 out of 20
Epoch: 35. Train Loss: 260413.71875. Val Loss: 309820.96875. Train IoU: 0.44948822259902954. Val IoU: 0.3761621117591858. Time: 970.0831966400146. LR: 1e-08
EarlyStopping counter: 15 out of 20
Epoch: 36. Train Loss: 260405.296875. Val Loss: 310083.28125. Train IoU: 0.44964903593063354. Val IoU: 0.3696344494819641. Time: 969.5069658756256. LR: 1e-08
EarlyStopping counter: 16 out of 20
Epoch: 37. Train Loss: 260346.890625. Val Loss: 309353.53125. Train IoU: 0.44989511370658875. Val IoU: 0.37556976079940796. Time: 978.3064868450165. LR: 1e-08
EarlyStopping counter: 17 out of 20
Epoch: 38. Train Loss: 260222.671875. Val Loss: 310175.21875. Train IoU: 0.4503328800201416. Val IoU: 0.37735477089881897. Time: 973.8970468044281. LR: 1e-08
EarlyStopping counter: 18 out of 20
Epoch: 39. Train Loss: 260222.78125. Val Loss: 309683.53125. Train IoU: 0.4503525495529175. Val IoU: 0.37116706371307373. Time: 976.5156724452972. LR: 1e-08
EarlyStopping counter: 19 out of 20
Epoch: 40. Train Loss: 260189.296875. Val Loss: 309054.8125. Train IoU: 0.45026805996894836. Val IoU: 0.37080127000808716. Time: 965.661660194397. LR: 1e-08
EarlyStopping counter: 20 out of 20
Early stopping
total cost 15.982066723240747 hours
/home/anyu/anaconda3/lib/python3.6/site-packages/IPython/core/interactiveshell.py:763: UserWarning: Attempting to work in a virtualenv. If you encounter problems, please install IPython inside the virtualenv.
  warn("Attempting to work in a virtualenv. If you encounter problems, please "
