nohup: ignoring input
]0;IPython: an/all_model_newload in 46.74440360069275 sec
(1100, 1537, 3174) (1100, 1537, 3174)
1.0 0.0 True False
276
use model RCF
----------------------------------------------------------------
        Layer (type)               Output Shape         Param #
================================================================
            Conv2d-1           [-1, 32, 96, 96]             320
              ReLU-2           [-1, 32, 96, 96]               0
         Dropout2d-3           [-1, 32, 96, 96]               0
            Conv2d-4           [-1, 32, 96, 96]           9,248
              ReLU-5           [-1, 32, 96, 96]               0
         Dropout2d-6           [-1, 32, 96, 96]               0
         MaxPool2d-7           [-1, 32, 48, 48]               0
            Conv2d-8           [-1, 64, 48, 48]          18,496
              ReLU-9           [-1, 64, 48, 48]               0
        Dropout2d-10           [-1, 64, 48, 48]               0
           Conv2d-11           [-1, 64, 48, 48]          36,928
             ReLU-12           [-1, 64, 48, 48]               0
        Dropout2d-13           [-1, 64, 48, 48]               0
        MaxPool2d-14           [-1, 64, 24, 24]               0
           Conv2d-15          [-1, 128, 24, 24]          73,856
             ReLU-16          [-1, 128, 24, 24]               0
        Dropout2d-17          [-1, 128, 24, 24]               0
           Conv2d-18          [-1, 128, 24, 24]         147,584
             ReLU-19          [-1, 128, 24, 24]               0
        Dropout2d-20          [-1, 128, 24, 24]               0
           Conv2d-21          [-1, 128, 24, 24]         147,584
             ReLU-22          [-1, 128, 24, 24]               0
        Dropout2d-23          [-1, 128, 24, 24]               0
        MaxPool2d-24          [-1, 128, 12, 12]               0
           Conv2d-25          [-1, 256, 12, 12]         295,168
             ReLU-26          [-1, 256, 12, 12]               0
        Dropout2d-27          [-1, 256, 12, 12]               0
           Conv2d-28          [-1, 256, 12, 12]         590,080
             ReLU-29          [-1, 256, 12, 12]               0
        Dropout2d-30          [-1, 256, 12, 12]               0
           Conv2d-31          [-1, 256, 12, 12]         590,080
             ReLU-32          [-1, 256, 12, 12]               0
        Dropout2d-33          [-1, 256, 12, 12]               0
        MaxPool2d-34          [-1, 256, 11, 11]               0
           Conv2d-35          [-1, 256, 11, 11]         590,080
             ReLU-36          [-1, 256, 11, 11]               0
        Dropout2d-37          [-1, 256, 11, 11]               0
           Conv2d-38          [-1, 256, 11, 11]         590,080
             ReLU-39          [-1, 256, 11, 11]               0
        Dropout2d-40          [-1, 256, 11, 11]               0
           Conv2d-41          [-1, 256, 11, 11]         590,080
             ReLU-42          [-1, 256, 11, 11]               0
        Dropout2d-43          [-1, 256, 11, 11]               0
           Conv2d-44           [-1, 21, 96, 96]             693
           Conv2d-45           [-1, 21, 96, 96]             693
           Conv2d-46           [-1, 21, 48, 48]           1,365
           Conv2d-47           [-1, 21, 48, 48]           1,365
           Conv2d-48           [-1, 21, 24, 24]           2,709
           Conv2d-49           [-1, 21, 24, 24]           2,709
           Conv2d-50           [-1, 21, 24, 24]           2,709
           Conv2d-51           [-1, 21, 12, 12]           5,397
           Conv2d-52           [-1, 21, 12, 12]           5,397
           Conv2d-53           [-1, 21, 12, 12]           5,397
           Conv2d-54           [-1, 21, 11, 11]           5,397
           Conv2d-55           [-1, 21, 11, 11]           5,397
           Conv2d-56           [-1, 21, 11, 11]           5,397
           Conv2d-57            [-1, 1, 96, 96]              22
           Conv2d-58            [-1, 1, 48, 48]              22
           Conv2d-59            [-1, 1, 24, 24]              22
           Conv2d-60            [-1, 1, 12, 12]              22
           Conv2d-61            [-1, 1, 11, 11]              22
           Conv2d-62            [-1, 1, 96, 96]               6
================================================================
Total params: 3,724,325
Trainable params: 3,724,325
Non-trainable params: 0
----------------------------------------------------------------
Input size (MB): 0.04
Forward/backward pass size (MB): 35.45
Params size (MB): 14.21
Estimated Total Size (MB): 49.69
----------------------------------------------------------------
horizontal_splits_number 66
width_after_pad 3216
left_pad,right_pad 21 21
vertical_splits_number 32
height_after_pad 1584
top_pad,bottom_pad 23 24
181029
181029
(96, 96)
read images in 195.26570105552673 sec
(181029, 96, 96)
(181029, 96, 96)
read images in 13.460501909255981 sec
(181029, 96, 96, 1)
(181029, 96, 96, 1)
64317
64317
(96, 96)
read images in 24.438255548477173 sec
(64317, 96, 96)
(64317, 96, 96)
read images in 4.560802459716797 sec
(64317, 96, 96, 1)
(64317, 96, 96, 1)
X_train (181029, 96, 96, 1)
X_val (64317, 96, 96, 1)
Y_train (181029, 96, 96, 1)
Y_val (64317, 96, 96, 1)
X_train (181029, 1, 96, 96)
X_val (64317, 1, 96, 96)
Y_train (181029, 1, 96, 96)
Y_val (64317, 1, 96, 96)
optimizer = torch.optim.SGD(model.parameters(), lr=1e-6, momentum=0.9, weight_decay=0.0002)
Validation loss decreased (inf --> 414570.031250).  Saving model ...
Epoch: 1. Train Loss: 481410.5. Val Loss: 414570.03125. Train IoU: 0.04600343853235245. Val IoU: 0.28750887513160706. Time: 1071.4118959903717. LR: 1e-06
Validation loss decreased (414570.031250 --> 383578.062500).  Saving model ...
Epoch: 2. Train Loss: 385208.34375. Val Loss: 383578.0625. Train IoU: 0.3200320601463318. Val IoU: 0.3704506754875183. Time: 815.1391403675079. LR: 1e-06
Validation loss decreased (383578.062500 --> 374705.125000).  Saving model ...
Epoch: 3. Train Loss: 367933.4375. Val Loss: 374705.125. Train IoU: 0.35137730836868286. Val IoU: 0.3710591495037079. Time: 795.9319727420807. LR: 1e-06
Validation loss decreased (374705.125000 --> 373765.375000).  Saving model ...
Epoch: 4. Train Loss: 363564.75. Val Loss: 373765.375. Train IoU: 0.3608027696609497. Val IoU: 0.400583952665329. Time: 813.1371967792511. LR: 1e-06
EarlyStopping counter: 1 out of 20
Epoch: 5. Train Loss: 366132.625. Val Loss: 377059.71875. Train IoU: 0.3596199154853821. Val IoU: 0.3256582021713257. Time: 782.4171497821808. LR: 1e-06
EarlyStopping counter: 2 out of 20
Epoch: 6. Train Loss: 366243.75. Val Loss: 375314.6875. Train IoU: 0.36231470108032227. Val IoU: 0.37903210520744324. Time: 815.0222942829132. LR: 1e-06
EarlyStopping counter: 3 out of 20
Epoch: 7. Train Loss: 372483.0625. Val Loss: 376865.71875. Train IoU: 0.3525411784648895. Val IoU: 0.37838014960289. Time: 798.832888841629. LR: 1e-06
EarlyStopping counter: 4 out of 20
Epoch: 8. Train Loss: 379032.625. Val Loss: 389544.125. Train IoU: 0.34164226055145264. Val IoU: 0.37295398116111755. Time: 808.975061416626. LR: 1e-06
EarlyStopping counter: 5 out of 20
Epoch: 9. Train Loss: 394443.59375. Val Loss: 400155.34375. Train IoU: 0.3149184584617615. Val IoU: 0.356932669878006. Time: 795.5565218925476. LR: 1e-06
Epoch     9: reducing learning rate of group 0 to 1.0000e-07.
EarlyStopping counter: 6 out of 20
Epoch: 10. Train Loss: 414046.46875. Val Loss: 428291.125. Train IoU: 0.2794029712677002. Val IoU: 0.31860384345054626. Time: 799.2618627548218. LR: 1e-07
EarlyStopping counter: 7 out of 20
Epoch: 11. Train Loss: 379733.96875. Val Loss: 386668.3125. Train IoU: 0.3352416455745697. Val IoU: 0.36939939856529236. Time: 809.6736068725586. LR: 1e-07
EarlyStopping counter: 8 out of 20
Epoch: 12. Train Loss: 367648.71875. Val Loss: 381349.6875. Train IoU: 0.3573139011859894. Val IoU: 0.38163262605667114. Time: 770.5669028759003. LR: 1e-07
EarlyStopping counter: 9 out of 20
Epoch: 13. Train Loss: 362029.34375. Val Loss: 377626.0625. Train IoU: 0.36719509959220886. Val IoU: 0.3763154447078705. Time: 800.5695383548737. LR: 1e-07
Validation loss decreased (373765.375000 --> 370765.468750).  Saving model ...
Epoch: 14. Train Loss: 358054.625. Val Loss: 370765.46875. Train IoU: 0.37395885586738586. Val IoU: 0.3864383399486542. Time: 773.0838544368744. LR: 1e-07
EarlyStopping counter: 1 out of 20
Epoch: 15. Train Loss: 354761.53125. Val Loss: 372004.84375. Train IoU: 0.3797236680984497. Val IoU: 0.38711458444595337. Time: 798.1253266334534. LR: 1e-07
EarlyStopping counter: 2 out of 20
Epoch: 16. Train Loss: 352142.5. Val Loss: 372522.5. Train IoU: 0.38419508934020996. Val IoU: 0.389103502035141. Time: 775.3073484897614. LR: 1e-07
Validation loss decreased (370765.468750 --> 367321.437500).  Saving model ...
Epoch: 17. Train Loss: 349792.1875. Val Loss: 367321.4375. Train IoU: 0.38828179240226746. Val IoU: 0.3858157992362976. Time: 810.0871071815491. LR: 1e-07
Validation loss decreased (367321.437500 --> 366318.437500).  Saving model ...
Epoch: 18. Train Loss: 347679.0. Val Loss: 366318.4375. Train IoU: 0.39176562428474426. Val IoU: 0.39261555671691895. Time: 787.6719653606415. LR: 1e-07
EarlyStopping counter: 1 out of 20
Epoch: 19. Train Loss: 345644.5. Val Loss: 367861.4375. Train IoU: 0.39536646008491516. Val IoU: 0.39554905891418457. Time: 801.1027915477753. LR: 1e-07
Validation loss decreased (366318.437500 --> 365786.281250).  Saving model ...
Epoch: 20. Train Loss: 343977.25. Val Loss: 365786.28125. Train IoU: 0.39828380942344666. Val IoU: 0.399551659822464. Time: 786.0333142280579. LR: 1e-07
Validation loss decreased (365786.281250 --> 365212.843750).  Saving model ...
Epoch: 21. Train Loss: 342398.65625. Val Loss: 365212.84375. Train IoU: 0.4010162055492401. Val IoU: 0.3944891393184662. Time: 795.671071767807. LR: 1e-07
Validation loss decreased (365212.843750 --> 364297.656250).  Saving model ...
Epoch: 22. Train Loss: 341139.96875. Val Loss: 364297.65625. Train IoU: 0.40319958329200745. Val IoU: 0.39120402932167053. Time: 810.9687469005585. LR: 1e-07
Validation loss decreased (364297.656250 --> 364218.406250).  Saving model ...
Epoch: 23. Train Loss: 339791.6875. Val Loss: 364218.40625. Train IoU: 0.40582194924354553. Val IoU: 0.3977496027946472. Time: 780.8396434783936. LR: 1e-07
EarlyStopping counter: 1 out of 20
Epoch: 24. Train Loss: 338541.21875. Val Loss: 364239.78125. Train IoU: 0.40799880027770996. Val IoU: 0.4029228985309601. Time: 807.6568396091461. LR: 1e-07
Validation loss decreased (364218.406250 --> 362974.843750).  Saving model ...
Epoch: 25. Train Loss: 337442.375. Val Loss: 362974.84375. Train IoU: 0.40991896390914917. Val IoU: 0.4057501256465912. Time: 769.0549426078796. LR: 1e-07
EarlyStopping counter: 1 out of 20
Epoch: 26. Train Loss: 336646.0625. Val Loss: 363569.8125. Train IoU: 0.41166576743125916. Val IoU: 0.40125662088394165. Time: 800.1896052360535. LR: 1e-07
EarlyStopping counter: 2 out of 20
Epoch: 27. Train Loss: 335454.71875. Val Loss: 365349.59375. Train IoU: 0.41395696997642517. Val IoU: 0.40959402918815613. Time: 768.8274080753326. LR: 1e-07
EarlyStopping counter: 3 out of 20
Epoch: 28. Train Loss: 334689.21875. Val Loss: 363083.65625. Train IoU: 0.41558489203453064. Val IoU: 0.4085617661476135. Time: 794.1452083587646. LR: 1e-07
EarlyStopping counter: 4 out of 20
Epoch: 29. Train Loss: 333658.6875. Val Loss: 364988.375. Train IoU: 0.4170592129230499. Val IoU: 0.39865192770957947. Time: 996.1225783824921. LR: 1e-07
Validation loss decreased (362974.843750 --> 361380.312500).  Saving model ...
Epoch: 30. Train Loss: 332912.40625. Val Loss: 361380.3125. Train IoU: 0.41888663172721863. Val IoU: 0.4013390839099884. Time: 999.8765547275543. LR: 1e-07
EarlyStopping counter: 1 out of 20
Epoch: 31. Train Loss: 332271.96875. Val Loss: 364732.4375. Train IoU: 0.4205682575702667. Val IoU: 0.4016629755496979. Time: 1277.8571424484253. LR: 1e-07
EarlyStopping counter: 2 out of 20
Epoch: 32. Train Loss: 331335.375. Val Loss: 363385.0. Train IoU: 0.421977698802948. Val IoU: 0.40174537897109985. Time: 830.704921245575. LR: 1e-07
Validation loss decreased (361380.312500 --> 361080.375000).  Saving model ...
Epoch: 33. Train Loss: 330239.75. Val Loss: 361080.375. Train IoU: 0.4239828288555145. Val IoU: 0.4099981486797333. Time: 828.990362405777. LR: 1e-07
Validation loss decreased (361080.375000 --> 360934.531250).  Saving model ...
Epoch: 34. Train Loss: 329724.1875. Val Loss: 360934.53125. Train IoU: 0.4254486560821533. Val IoU: 0.4017854928970337. Time: 826.878181219101. LR: 1e-07
EarlyStopping counter: 1 out of 20
Epoch: 35. Train Loss: 328970.90625. Val Loss: 364857.90625. Train IoU: 0.42720329761505127. Val IoU: 0.3968292772769928. Time: 832.1958420276642. LR: 1e-07
EarlyStopping counter: 2 out of 20
Epoch: 36. Train Loss: 328167.65625. Val Loss: 361430.0625. Train IoU: 0.4287872314453125. Val IoU: 0.4082563519477844. Time: 823.097428560257. LR: 1e-07
EarlyStopping counter: 3 out of 20
Epoch: 37. Train Loss: 327361.65625. Val Loss: 361401.40625. Train IoU: 0.4303533732891083. Val IoU: 0.40414851903915405. Time: 826.7287573814392. LR: 1e-07
EarlyStopping counter: 4 out of 20
Epoch: 38. Train Loss: 326733.1875. Val Loss: 362952.0625. Train IoU: 0.4318075180053711. Val IoU: 0.41133052110671997. Time: 798.9370009899139. LR: 1e-07
Validation loss decreased (360934.531250 --> 360414.156250).  Saving model ...
Epoch: 39. Train Loss: 326128.0625. Val Loss: 360414.15625. Train IoU: 0.43301743268966675. Val IoU: 0.4020247459411621. Time: 770.1725158691406. LR: 1e-07
EarlyStopping counter: 1 out of 20
Epoch: 40. Train Loss: 325632.21875. Val Loss: 363432.6875. Train IoU: 0.43402835726737976. Val IoU: 0.4116310179233551. Time: 802.0921852588654. LR: 1e-07
Validation loss decreased (360414.156250 --> 359552.531250).  Saving model ...
Epoch: 41. Train Loss: 325098.40625. Val Loss: 359552.53125. Train IoU: 0.43541237711906433. Val IoU: 0.4047025144100189. Time: 772.126188993454. LR: 1e-07
EarlyStopping counter: 1 out of 20
Epoch: 42. Train Loss: 324589.03125. Val Loss: 360743.3125. Train IoU: 0.4366963803768158. Val IoU: 0.41373133659362793. Time: 801.3670485019684. LR: 1e-07
EarlyStopping counter: 2 out of 20
Epoch: 43. Train Loss: 323748.09375. Val Loss: 359867.5. Train IoU: 0.43836671113967896. Val IoU: 0.4023610055446625. Time: 622.6496651172638. LR: 1e-07
EarlyStopping counter: 3 out of 20
Epoch: 44. Train Loss: 323119.71875. Val Loss: 360791.84375. Train IoU: 0.4394272267818451. Val IoU: 0.40376198291778564. Time: 552.5399172306061. LR: 1e-07
EarlyStopping counter: 4 out of 20
Epoch: 45. Train Loss: 322540.03125. Val Loss: 361360.15625. Train IoU: 0.44087040424346924. Val IoU: 0.40654492378234863. Time: 551.4797050952911. LR: 1e-07
EarlyStopping counter: 5 out of 20
Epoch: 46. Train Loss: 321799.34375. Val Loss: 366714.40625. Train IoU: 0.4423872232437134. Val IoU: 0.4182053506374359. Time: 552.5928254127502. LR: 1e-07
Epoch    46: reducing learning rate of group 0 to 1.0000e-08.
EarlyStopping counter: 6 out of 20
Epoch: 47. Train Loss: 321904.84375. Val Loss: 360241.875. Train IoU: 0.4426654279232025. Val IoU: 0.4095533788204193. Time: 553.8351776599884. LR: 1e-08
EarlyStopping counter: 7 out of 20
Epoch: 48. Train Loss: 319042.59375. Val Loss: 360544.15625. Train IoU: 0.4474138021469116. Val IoU: 0.4067985713481903. Time: 551.547465801239. LR: 1e-08
EarlyStopping counter: 8 out of 20
Epoch: 49. Train Loss: 318498.90625. Val Loss: 361331.96875. Train IoU: 0.4484281539916992. Val IoU: 0.4096606373786926. Time: 552.2964718341827. LR: 1e-08
EarlyStopping counter: 9 out of 20
Epoch: 50. Train Loss: 318502.6875. Val Loss: 360177.09375. Train IoU: 0.4485064446926117. Val IoU: 0.4116901159286499. Time: 552.6169316768646. LR: 1e-08
EarlyStopping counter: 10 out of 20
Epoch: 51. Train Loss: 318151.625. Val Loss: 360731.71875. Train IoU: 0.44915756583213806. Val IoU: 0.40993422269821167. Time: 551.8206732273102. LR: 1e-08
EarlyStopping counter: 11 out of 20
Epoch: 52. Train Loss: 318008.71875. Val Loss: 360485.34375. Train IoU: 0.4495347738265991. Val IoU: 0.4112614393234253. Time: 554.1986541748047. LR: 1e-08
EarlyStopping counter: 12 out of 20
Epoch: 53. Train Loss: 317836.75. Val Loss: 359803.375. Train IoU: 0.45010626316070557. Val IoU: 0.4100008010864258. Time: 549.5283930301666. LR: 1e-08
EarlyStopping counter: 13 out of 20
Epoch: 54. Train Loss: 317806.90625. Val Loss: 360531.71875. Train IoU: 0.45022517442703247. Val IoU: 0.4102397859096527. Time: 556.4941470623016. LR: 1e-08
EarlyStopping counter: 14 out of 20
Epoch: 55. Train Loss: 317853.40625. Val Loss: 359641.25. Train IoU: 0.4500466287136078. Val IoU: 0.4072435200214386. Time: 551.9755139350891. LR: 1e-08
Validation loss decreased (359552.531250 --> 359209.531250).  Saving model ...
Epoch: 56. Train Loss: 317560.75. Val Loss: 359209.53125. Train IoU: 0.4505605399608612. Val IoU: 0.41013890504837036. Time: 550.2758896350861. LR: 1e-08
EarlyStopping counter: 1 out of 20
Epoch: 57. Train Loss: 317630.5625. Val Loss: 359823.28125. Train IoU: 0.4504084289073944. Val IoU: 0.4099701941013336. Time: 554.318719625473. LR: 1e-08
EarlyStopping counter: 2 out of 20
Epoch: 58. Train Loss: 317398.28125. Val Loss: 359883.40625. Train IoU: 0.45070019364356995. Val IoU: 0.4099930226802826. Time: 557.0739715099335. LR: 1e-08
EarlyStopping counter: 3 out of 20
Epoch: 59. Train Loss: 317326.96875. Val Loss: 360276.78125. Train IoU: 0.45109471678733826. Val IoU: 0.4126911759376526. Time: 552.404604434967. LR: 1e-08
EarlyStopping counter: 4 out of 20
Epoch: 60. Train Loss: 317184.875. Val Loss: 361380.5625. Train IoU: 0.45127615332603455. Val IoU: 0.4129606783390045. Time: 549.5408895015717. LR: 1e-08
EarlyStopping counter: 5 out of 20
Epoch: 61. Train Loss: 317098.90625. Val Loss: 359372.34375. Train IoU: 0.4515881836414337. Val IoU: 0.4099065661430359. Time: 551.1488299369812. LR: 1e-08
EarlyStopping counter: 6 out of 20
Epoch: 62. Train Loss: 317088.4375. Val Loss: 361079.625. Train IoU: 0.45173367857933044. Val IoU: 0.41211819648742676. Time: 555.7648894786835. LR: 1e-08
EarlyStopping counter: 7 out of 20
Epoch: 63. Train Loss: 316961.21875. Val Loss: 360998.5. Train IoU: 0.4518076479434967. Val IoU: 0.4134104251861572. Time: 561.9730460643768. LR: 1e-08
EarlyStopping counter: 8 out of 20
Epoch: 64. Train Loss: 316984.1875. Val Loss: 360997.15625. Train IoU: 0.45168793201446533. Val IoU: 0.4116816520690918. Time: 564.8461954593658. LR: 1e-08
EarlyStopping counter: 9 out of 20
Epoch: 65. Train Loss: 316927.25. Val Loss: 360225.65625. Train IoU: 0.45216208696365356. Val IoU: 0.4111728072166443. Time: 561.9755194187164. LR: 1e-08
EarlyStopping counter: 10 out of 20
Epoch: 66. Train Loss: 316743.96875. Val Loss: 359530.5. Train IoU: 0.4522418975830078. Val IoU: 0.41053876280784607. Time: 562.4366745948792. LR: 1e-08
EarlyStopping counter: 11 out of 20
Epoch: 67. Train Loss: 316679.875. Val Loss: 359351.75. Train IoU: 0.45251908898353577. Val IoU: 0.4103189706802368. Time: 560.9822344779968. LR: 1e-08
EarlyStopping counter: 12 out of 20
Epoch: 68. Train Loss: 316602.875. Val Loss: 359787.5. Train IoU: 0.4528650641441345. Val IoU: 0.41180601716041565. Time: 553.3422865867615. LR: 1e-08
EarlyStopping counter: 13 out of 20
Epoch: 69. Train Loss: 316600.53125. Val Loss: 359695.46875. Train IoU: 0.4527527987957001. Val IoU: 0.41108274459838867. Time: 513.1523909568787. LR: 1e-08
EarlyStopping counter: 14 out of 20
Epoch: 70. Train Loss: 316597.21875. Val Loss: 359481.28125. Train IoU: 0.45285987854003906. Val IoU: 0.4122921824455261. Time: 511.9452021121979. LR: 1e-08
EarlyStopping counter: 15 out of 20
Epoch: 71. Train Loss: 316566.84375. Val Loss: 360069.9375. Train IoU: 0.453014612197876. Val IoU: 0.4122167229652405. Time: 511.8930585384369. LR: 1e-08
EarlyStopping counter: 16 out of 20
Epoch: 72. Train Loss: 316362.59375. Val Loss: 359598.9375. Train IoU: 0.4534107446670532. Val IoU: 0.4110914170742035. Time: 512.4332120418549. LR: 1e-08
EarlyStopping counter: 17 out of 20
Epoch: 73. Train Loss: 316352.15625. Val Loss: 360032.5625. Train IoU: 0.4536415934562683. Val IoU: 0.41202643513679504. Time: 512.3060219287872. LR: 1e-08
Validation loss decreased (359209.531250 --> 358544.562500).  Saving model ...
Epoch: 74. Train Loss: 316163.625. Val Loss: 358544.5625. Train IoU: 0.45379337668418884. Val IoU: 0.4113975465297699. Time: 512.7643694877625. LR: 1e-08
EarlyStopping counter: 1 out of 20
Epoch: 75. Train Loss: 316024.96875. Val Loss: 360404.90625. Train IoU: 0.45397448539733887. Val IoU: 0.41340526938438416. Time: 513.3322355747223. LR: 1e-08
EarlyStopping counter: 2 out of 20
Epoch: 76. Train Loss: 315976.65625. Val Loss: 360026.59375. Train IoU: 0.45465177297592163. Val IoU: 0.41159212589263916. Time: 513.0494673252106. LR: 1e-08
EarlyStopping counter: 3 out of 20
Epoch: 77. Train Loss: 315924.5625. Val Loss: 360212.71875. Train IoU: 0.45459747314453125. Val IoU: 0.4121658205986023. Time: 512.7695968151093. LR: 1e-08
EarlyStopping counter: 4 out of 20
Epoch: 78. Train Loss: 316019.125. Val Loss: 360018.375. Train IoU: 0.454205721616745. Val IoU: 0.41138342022895813. Time: 511.76373767852783. LR: 1e-08
EarlyStopping counter: 5 out of 20
Epoch: 79. Train Loss: 315784.5. Val Loss: 358955.5625. Train IoU: 0.4547853469848633. Val IoU: 0.4125545024871826. Time: 512.644190788269. LR: 1e-08
EarlyStopping counter: 6 out of 20
Epoch: 80. Train Loss: 315764.59375. Val Loss: 360164.375. Train IoU: 0.45461305975914. Val IoU: 0.4127053916454315. Time: 511.2643835544586. LR: 1e-08
EarlyStopping counter: 7 out of 20
Epoch: 81. Train Loss: 315753.4375. Val Loss: 360637.09375. Train IoU: 0.4549475610256195. Val IoU: 0.41398635506629944. Time: 512.4151966571808. LR: 1e-08
EarlyStopping counter: 8 out of 20
Epoch: 82. Train Loss: 315746.40625. Val Loss: 359373.0. Train IoU: 0.4547266364097595. Val IoU: 0.41253718733787537. Time: 512.7405683994293. LR: 1e-08
EarlyStopping counter: 9 out of 20
Epoch: 83. Train Loss: 315483.0. Val Loss: 358690.59375. Train IoU: 0.4554951786994934. Val IoU: 0.4107072949409485. Time: 512.6614320278168. LR: 1e-08
EarlyStopping counter: 10 out of 20
Epoch: 84. Train Loss: 315604.34375. Val Loss: 359953.46875. Train IoU: 0.4553108811378479. Val IoU: 0.4134756922721863. Time: 512.6144800186157. LR: 1e-08
EarlyStopping counter: 11 out of 20
Epoch: 85. Train Loss: 315443.65625. Val Loss: 360485.6875. Train IoU: 0.45563560724258423. Val IoU: 0.4131397008895874. Time: 512.7201476097107. LR: 1e-08
EarlyStopping counter: 12 out of 20
Epoch: 86. Train Loss: 315392.78125. Val Loss: 360091.21875. Train IoU: 0.45571500062942505. Val IoU: 0.4116706848144531. Time: 513.4720847606659. LR: 1e-08
EarlyStopping counter: 13 out of 20
Epoch: 87. Train Loss: 315272.46875. Val Loss: 360570.59375. Train IoU: 0.45600882172584534. Val IoU: 0.41486939787864685. Time: 513.0410325527191. LR: 1e-08
EarlyStopping counter: 14 out of 20
Epoch: 88. Train Loss: 315321.40625. Val Loss: 360800.3125. Train IoU: 0.4557931125164032. Val IoU: 0.41373351216316223. Time: 512.6274626255035. LR: 1e-08
EarlyStopping counter: 15 out of 20
Epoch: 89. Train Loss: 315145.53125. Val Loss: 359949.0625. Train IoU: 0.4561726450920105. Val IoU: 0.41234856843948364. Time: 512.5187454223633. LR: 1e-08
EarlyStopping counter: 16 out of 20
Epoch: 90. Train Loss: 315195.21875. Val Loss: 359019.625. Train IoU: 0.4561487138271332. Val IoU: 0.4111837148666382. Time: 513.4328246116638. LR: 1e-08
EarlyStopping counter: 17 out of 20
Epoch: 91. Train Loss: 315025.75. Val Loss: 359287.71875. Train IoU: 0.45647677779197693. Val IoU: 0.41362524032592773. Time: 513.2513740062714. LR: 1e-08
EarlyStopping counter: 18 out of 20
Epoch: 92. Train Loss: 315021.0. Val Loss: 361366.5. Train IoU: 0.45671719312667847. Val IoU: 0.4147871136665344. Time: 512.6956551074982. LR: 1e-08
EarlyStopping counter: 19 out of 20
Epoch: 93. Train Loss: 315016.125. Val Loss: 360090.875. Train IoU: 0.45659250020980835. Val IoU: 0.4124462604522705. Time: 513.0555944442749. LR: 1e-08
EarlyStopping counter: 20 out of 20
Early stopping
total cost 17.457722077700826 hours
/home/anyu/anaconda3/lib/python3.6/site-packages/IPython/core/interactiveshell.py:763: UserWarning: Attempting to work in a virtualenv. If you encounter problems, please install IPython inside the virtualenv.
  warn("Attempting to work in a virtualenv. If you encounter problems, please "
